<?xml version="1.0" encoding="UTF-8"?>
<!-- Generated by org.testng.reporters.JUnitReportReporter -->
<testsuite hostname="DESKTOP-6ER7Q2C" failures="0" tests="3" name="com.qa.tests.DemoTest1" time="0.007" errors="0" timestamp="06 Aug. 2020 02:19:13 GMT" skipped="0">
  <testcase classname="com.qa.tests.DemoTest1" name="sum" time="0.006"/>
  <testcase classname="com.qa.tests.DemoTest1" name="div" time="0.000"/>
  <testcase classname="com.qa.tests.DemoTest1" name="mul" time="0.001"/>
</testsuite> <!-- com.qa.tests.DemoTest1 -->
